ARM GAS  /tmp/ccaffebs.s 			page 1


   1              		.cpu cortex-m3
   2              		.arch armv7-m
   3              		.fpu softvfp
   4              		.eabi_attribute 20, 1
   5              		.eabi_attribute 21, 1
   6              		.eabi_attribute 23, 3
   7              		.eabi_attribute 24, 1
   8              		.eabi_attribute 25, 1
   9              		.eabi_attribute 26, 1
  10              		.eabi_attribute 30, 1
  11              		.eabi_attribute 34, 1
  12              		.eabi_attribute 18, 4
  13              		.file	"stm32f1xx_hal_timebase_tim.c"
  14              		.text
  15              	.Ltext0:
  16              		.cfi_sections	.debug_frame
  17              		.file 1 "Core/Src/stm32f1xx_hal_timebase_tim.c"
  18              		.section	.text.HAL_InitTick,"ax",%progbits
  19              		.align	1
  20              		.global	HAL_InitTick
  21              		.syntax unified
  22              		.thumb
  23              		.thumb_func
  25              	HAL_InitTick:
  26              	.LVL0:
  27              	.LFB65:
   1:Core/Src/stm32f1xx_hal_timebase_tim.c **** /* USER CODE BEGIN Header */
   2:Core/Src/stm32f1xx_hal_timebase_tim.c **** /**
   3:Core/Src/stm32f1xx_hal_timebase_tim.c ****   ******************************************************************************
   4:Core/Src/stm32f1xx_hal_timebase_tim.c ****   * @file    stm32f1xx_hal_timebase_tim.c
   5:Core/Src/stm32f1xx_hal_timebase_tim.c ****   * @brief   HAL time base based on the hardware TIM.
   6:Core/Src/stm32f1xx_hal_timebase_tim.c ****   ******************************************************************************
   7:Core/Src/stm32f1xx_hal_timebase_tim.c ****   * @attention
   8:Core/Src/stm32f1xx_hal_timebase_tim.c ****   *
   9:Core/Src/stm32f1xx_hal_timebase_tim.c ****   * Copyright (c) 2024 STMicroelectronics.
  10:Core/Src/stm32f1xx_hal_timebase_tim.c ****   * All rights reserved.
  11:Core/Src/stm32f1xx_hal_timebase_tim.c ****   *
  12:Core/Src/stm32f1xx_hal_timebase_tim.c ****   * This software is licensed under terms that can be found in the LICENSE file
  13:Core/Src/stm32f1xx_hal_timebase_tim.c ****   * in the root directory of this software component.
  14:Core/Src/stm32f1xx_hal_timebase_tim.c ****   * If no LICENSE file comes with this software, it is provided AS-IS.
  15:Core/Src/stm32f1xx_hal_timebase_tim.c ****   *
  16:Core/Src/stm32f1xx_hal_timebase_tim.c ****   ******************************************************************************
  17:Core/Src/stm32f1xx_hal_timebase_tim.c ****   */
  18:Core/Src/stm32f1xx_hal_timebase_tim.c **** /* USER CODE END Header */
  19:Core/Src/stm32f1xx_hal_timebase_tim.c **** 
  20:Core/Src/stm32f1xx_hal_timebase_tim.c **** /* Includes ------------------------------------------------------------------*/
  21:Core/Src/stm32f1xx_hal_timebase_tim.c **** #include "stm32f1xx_hal.h"
  22:Core/Src/stm32f1xx_hal_timebase_tim.c **** #include "stm32f1xx_hal_tim.h"
  23:Core/Src/stm32f1xx_hal_timebase_tim.c **** 
  24:Core/Src/stm32f1xx_hal_timebase_tim.c **** /* Private typedef -----------------------------------------------------------*/
  25:Core/Src/stm32f1xx_hal_timebase_tim.c **** /* Private define ------------------------------------------------------------*/
  26:Core/Src/stm32f1xx_hal_timebase_tim.c **** /* Private macro -------------------------------------------------------------*/
  27:Core/Src/stm32f1xx_hal_timebase_tim.c **** /* Private variables ---------------------------------------------------------*/
  28:Core/Src/stm32f1xx_hal_timebase_tim.c **** TIM_HandleTypeDef        htim1;
  29:Core/Src/stm32f1xx_hal_timebase_tim.c **** /* Private function prototypes -----------------------------------------------*/
  30:Core/Src/stm32f1xx_hal_timebase_tim.c **** void TIM1_IRQHandler(void);
  31:Core/Src/stm32f1xx_hal_timebase_tim.c **** /* Private functions ---------------------------------------------------------*/
ARM GAS  /tmp/ccaffebs.s 			page 2


  32:Core/Src/stm32f1xx_hal_timebase_tim.c **** 
  33:Core/Src/stm32f1xx_hal_timebase_tim.c **** /**
  34:Core/Src/stm32f1xx_hal_timebase_tim.c ****   * @brief  This function configures the TIM1 as a time base source.
  35:Core/Src/stm32f1xx_hal_timebase_tim.c ****   *         The time source is configured  to have 1ms time base with a dedicated
  36:Core/Src/stm32f1xx_hal_timebase_tim.c ****   *         Tick interrupt priority.
  37:Core/Src/stm32f1xx_hal_timebase_tim.c ****   * @note   This function is called  automatically at the beginning of program after
  38:Core/Src/stm32f1xx_hal_timebase_tim.c ****   *         reset by HAL_Init() or at any time when clock is configured, by HAL_RCC_ClockConfig().
  39:Core/Src/stm32f1xx_hal_timebase_tim.c ****   * @param  TickPriority: Tick interrupt priority.
  40:Core/Src/stm32f1xx_hal_timebase_tim.c ****   * @retval HAL status
  41:Core/Src/stm32f1xx_hal_timebase_tim.c ****   */
  42:Core/Src/stm32f1xx_hal_timebase_tim.c **** HAL_StatusTypeDef HAL_InitTick(uint32_t TickPriority)
  43:Core/Src/stm32f1xx_hal_timebase_tim.c **** {
  28              		.loc 1 43 1 view -0
  29              		.cfi_startproc
  30              		@ args = 0, pretend = 0, frame = 32
  31              		@ frame_needed = 0, uses_anonymous_args = 0
  32              		.loc 1 43 1 is_stmt 0 view .LVU1
  33 0000 30B5     		push	{r4, r5, lr}
  34              		.cfi_def_cfa_offset 12
  35              		.cfi_offset 4, -12
  36              		.cfi_offset 5, -8
  37              		.cfi_offset 14, -4
  38 0002 89B0     		sub	sp, sp, #36
  39              		.cfi_def_cfa_offset 48
  40 0004 0446     		mov	r4, r0
  44:Core/Src/stm32f1xx_hal_timebase_tim.c ****   RCC_ClkInitTypeDef    clkconfig;
  41              		.loc 1 44 3 is_stmt 1 view .LVU2
  45:Core/Src/stm32f1xx_hal_timebase_tim.c ****   uint32_t              uwTimclock = 0U;
  42              		.loc 1 45 3 view .LVU3
  43              	.LVL1:
  46:Core/Src/stm32f1xx_hal_timebase_tim.c **** 
  47:Core/Src/stm32f1xx_hal_timebase_tim.c ****   uint32_t              uwPrescalerValue = 0U;
  44              		.loc 1 47 3 view .LVU4
  48:Core/Src/stm32f1xx_hal_timebase_tim.c ****   uint32_t              pFLatency;
  45              		.loc 1 48 3 view .LVU5
  49:Core/Src/stm32f1xx_hal_timebase_tim.c ****   HAL_StatusTypeDef     status = HAL_OK;
  46              		.loc 1 49 3 view .LVU6
  50:Core/Src/stm32f1xx_hal_timebase_tim.c **** 
  51:Core/Src/stm32f1xx_hal_timebase_tim.c ****   /* Enable TIM1 clock */
  52:Core/Src/stm32f1xx_hal_timebase_tim.c ****   __HAL_RCC_TIM1_CLK_ENABLE();
  47              		.loc 1 52 3 view .LVU7
  48              	.LBB2:
  49              		.loc 1 52 3 view .LVU8
  50              		.loc 1 52 3 view .LVU9
  51 0006 1E4B     		ldr	r3, .L7
  52 0008 9A69     		ldr	r2, [r3, #24]
  53 000a 42F40062 		orr	r2, r2, #2048
  54 000e 9A61     		str	r2, [r3, #24]
  55              		.loc 1 52 3 view .LVU10
  56 0010 9B69     		ldr	r3, [r3, #24]
  57 0012 03F40063 		and	r3, r3, #2048
  58 0016 0193     		str	r3, [sp, #4]
  59              		.loc 1 52 3 view .LVU11
  60 0018 019B     		ldr	r3, [sp, #4]
  61              	.LBE2:
  62              		.loc 1 52 3 view .LVU12
  53:Core/Src/stm32f1xx_hal_timebase_tim.c **** 
ARM GAS  /tmp/ccaffebs.s 			page 3


  54:Core/Src/stm32f1xx_hal_timebase_tim.c ****   /* Get clock configuration */
  55:Core/Src/stm32f1xx_hal_timebase_tim.c ****   HAL_RCC_GetClockConfig(&clkconfig, &pFLatency);
  63              		.loc 1 55 3 view .LVU13
  64 001a 02A9     		add	r1, sp, #8
  65 001c 03A8     		add	r0, sp, #12
  66              	.LVL2:
  67              		.loc 1 55 3 is_stmt 0 view .LVU14
  68 001e FFF7FEFF 		bl	HAL_RCC_GetClockConfig
  69              	.LVL3:
  56:Core/Src/stm32f1xx_hal_timebase_tim.c **** 
  57:Core/Src/stm32f1xx_hal_timebase_tim.c ****   /* Compute TIM1 clock */
  58:Core/Src/stm32f1xx_hal_timebase_tim.c ****       uwTimclock = HAL_RCC_GetPCLK2Freq();
  70              		.loc 1 58 7 is_stmt 1 view .LVU15
  71              		.loc 1 58 20 is_stmt 0 view .LVU16
  72 0022 FFF7FEFF 		bl	HAL_RCC_GetPCLK2Freq
  73              	.LVL4:
  59:Core/Src/stm32f1xx_hal_timebase_tim.c **** 
  60:Core/Src/stm32f1xx_hal_timebase_tim.c ****   /* Compute the prescaler value to have TIM1 counter clock equal to 1MHz */
  61:Core/Src/stm32f1xx_hal_timebase_tim.c ****   uwPrescalerValue = (uint32_t) ((uwTimclock / 1000000U) - 1U);
  74              		.loc 1 61 3 is_stmt 1 view .LVU17
  75              		.loc 1 61 46 is_stmt 0 view .LVU18
  76 0026 174A     		ldr	r2, .L7+4
  77 0028 A2FB0023 		umull	r2, r3, r2, r0
  78              	.LVL5:
  79              		.loc 1 61 46 view .LVU19
  80 002c 9B0C     		lsrs	r3, r3, #18
  81              		.loc 1 61 20 view .LVU20
  82 002e 013B     		subs	r3, r3, #1
  83              	.LVL6:
  62:Core/Src/stm32f1xx_hal_timebase_tim.c **** 
  63:Core/Src/stm32f1xx_hal_timebase_tim.c ****   /* Initialize TIM1 */
  64:Core/Src/stm32f1xx_hal_timebase_tim.c ****   htim1.Instance = TIM1;
  84              		.loc 1 64 3 is_stmt 1 view .LVU21
  85              		.loc 1 64 18 is_stmt 0 view .LVU22
  86 0030 1548     		ldr	r0, .L7+8
  87 0032 164A     		ldr	r2, .L7+12
  88 0034 0260     		str	r2, [r0]
  65:Core/Src/stm32f1xx_hal_timebase_tim.c **** 
  66:Core/Src/stm32f1xx_hal_timebase_tim.c ****   /* Initialize TIMx peripheral as follow:
  67:Core/Src/stm32f1xx_hal_timebase_tim.c **** 
  68:Core/Src/stm32f1xx_hal_timebase_tim.c ****   + Period = [(TIM1CLK/1000) - 1]. to have a (1/1000) s time base.
  69:Core/Src/stm32f1xx_hal_timebase_tim.c ****   + Prescaler = (uwTimclock/1000000 - 1) to have a 1MHz counter clock.
  70:Core/Src/stm32f1xx_hal_timebase_tim.c ****   + ClockDivision = 0
  71:Core/Src/stm32f1xx_hal_timebase_tim.c ****   + Counter direction = Up
  72:Core/Src/stm32f1xx_hal_timebase_tim.c ****   */
  73:Core/Src/stm32f1xx_hal_timebase_tim.c ****   htim1.Init.Period = (1000000U / 1000U) - 1U;
  89              		.loc 1 73 3 is_stmt 1 view .LVU23
  90              		.loc 1 73 21 is_stmt 0 view .LVU24
  91 0036 40F2E732 		movw	r2, #999
  92 003a C260     		str	r2, [r0, #12]
  74:Core/Src/stm32f1xx_hal_timebase_tim.c ****   htim1.Init.Prescaler = uwPrescalerValue;
  93              		.loc 1 74 3 is_stmt 1 view .LVU25
  94              		.loc 1 74 24 is_stmt 0 view .LVU26
  95 003c 4360     		str	r3, [r0, #4]
  75:Core/Src/stm32f1xx_hal_timebase_tim.c ****   htim1.Init.ClockDivision = 0;
  96              		.loc 1 75 3 is_stmt 1 view .LVU27
  97              		.loc 1 75 28 is_stmt 0 view .LVU28
ARM GAS  /tmp/ccaffebs.s 			page 4


  98 003e 0023     		movs	r3, #0
  99              	.LVL7:
 100              		.loc 1 75 28 view .LVU29
 101 0040 0361     		str	r3, [r0, #16]
  76:Core/Src/stm32f1xx_hal_timebase_tim.c ****   htim1.Init.CounterMode = TIM_COUNTERMODE_UP;
 102              		.loc 1 76 3 is_stmt 1 view .LVU30
 103              		.loc 1 76 26 is_stmt 0 view .LVU31
 104 0042 8360     		str	r3, [r0, #8]
  77:Core/Src/stm32f1xx_hal_timebase_tim.c ****   htim1.Init.AutoReloadPreload = TIM_AUTORELOAD_PRELOAD_DISABLE;
 105              		.loc 1 77 3 is_stmt 1 view .LVU32
 106              		.loc 1 77 32 is_stmt 0 view .LVU33
 107 0044 8361     		str	r3, [r0, #24]
  78:Core/Src/stm32f1xx_hal_timebase_tim.c **** 
  79:Core/Src/stm32f1xx_hal_timebase_tim.c ****   status = HAL_TIM_Base_Init(&htim1);
 108              		.loc 1 79 3 is_stmt 1 view .LVU34
 109              		.loc 1 79 12 is_stmt 0 view .LVU35
 110 0046 FFF7FEFF 		bl	HAL_TIM_Base_Init
 111              	.LVL8:
  80:Core/Src/stm32f1xx_hal_timebase_tim.c ****   if (status == HAL_OK)
 112              		.loc 1 80 3 is_stmt 1 view .LVU36
 113              		.loc 1 80 6 is_stmt 0 view .LVU37
 114 004a 0546     		mov	r5, r0
 115 004c 10B1     		cbz	r0, .L5
 116              	.LVL9:
 117              	.L2:
  81:Core/Src/stm32f1xx_hal_timebase_tim.c ****   {
  82:Core/Src/stm32f1xx_hal_timebase_tim.c ****     /* Start the TIM time Base generation in interrupt mode */
  83:Core/Src/stm32f1xx_hal_timebase_tim.c ****     status = HAL_TIM_Base_Start_IT(&htim1);
  84:Core/Src/stm32f1xx_hal_timebase_tim.c ****     if (status == HAL_OK)
  85:Core/Src/stm32f1xx_hal_timebase_tim.c ****     {
  86:Core/Src/stm32f1xx_hal_timebase_tim.c ****     /* Enable the TIM1 global Interrupt */
  87:Core/Src/stm32f1xx_hal_timebase_tim.c ****         HAL_NVIC_EnableIRQ(TIM1_UP_IRQn);
  88:Core/Src/stm32f1xx_hal_timebase_tim.c ****       /* Configure the SysTick IRQ priority */
  89:Core/Src/stm32f1xx_hal_timebase_tim.c ****       if (TickPriority < (1UL << __NVIC_PRIO_BITS))
  90:Core/Src/stm32f1xx_hal_timebase_tim.c ****       {
  91:Core/Src/stm32f1xx_hal_timebase_tim.c ****         /* Configure the TIM IRQ priority */
  92:Core/Src/stm32f1xx_hal_timebase_tim.c ****         HAL_NVIC_SetPriority(TIM1_UP_IRQn, TickPriority, 0U);
  93:Core/Src/stm32f1xx_hal_timebase_tim.c ****         uwTickPrio = TickPriority;
  94:Core/Src/stm32f1xx_hal_timebase_tim.c ****       }
  95:Core/Src/stm32f1xx_hal_timebase_tim.c ****       else
  96:Core/Src/stm32f1xx_hal_timebase_tim.c ****       {
  97:Core/Src/stm32f1xx_hal_timebase_tim.c ****         status = HAL_ERROR;
  98:Core/Src/stm32f1xx_hal_timebase_tim.c ****       }
  99:Core/Src/stm32f1xx_hal_timebase_tim.c ****     }
 100:Core/Src/stm32f1xx_hal_timebase_tim.c ****   }
 101:Core/Src/stm32f1xx_hal_timebase_tim.c **** 
 102:Core/Src/stm32f1xx_hal_timebase_tim.c ****  /* Return function status */
 103:Core/Src/stm32f1xx_hal_timebase_tim.c ****   return status;
 118              		.loc 1 103 3 is_stmt 1 view .LVU38
 104:Core/Src/stm32f1xx_hal_timebase_tim.c **** }
 119              		.loc 1 104 1 is_stmt 0 view .LVU39
 120 004e 2846     		mov	r0, r5
 121 0050 09B0     		add	sp, sp, #36
 122              		.cfi_remember_state
 123              		.cfi_def_cfa_offset 12
 124              		@ sp needed
 125 0052 30BD     		pop	{r4, r5, pc}
ARM GAS  /tmp/ccaffebs.s 			page 5


 126              	.LVL10:
 127              	.L5:
 128              		.cfi_restore_state
  83:Core/Src/stm32f1xx_hal_timebase_tim.c ****     if (status == HAL_OK)
 129              		.loc 1 83 5 is_stmt 1 view .LVU40
  83:Core/Src/stm32f1xx_hal_timebase_tim.c ****     if (status == HAL_OK)
 130              		.loc 1 83 14 is_stmt 0 view .LVU41
 131 0054 0C48     		ldr	r0, .L7+8
 132              	.LVL11:
  83:Core/Src/stm32f1xx_hal_timebase_tim.c ****     if (status == HAL_OK)
 133              		.loc 1 83 14 view .LVU42
 134 0056 FFF7FEFF 		bl	HAL_TIM_Base_Start_IT
 135              	.LVL12:
  84:Core/Src/stm32f1xx_hal_timebase_tim.c ****     {
 136              		.loc 1 84 5 is_stmt 1 view .LVU43
  84:Core/Src/stm32f1xx_hal_timebase_tim.c ****     {
 137              		.loc 1 84 8 is_stmt 0 view .LVU44
 138 005a 0546     		mov	r5, r0
 139 005c 0028     		cmp	r0, #0
 140 005e F6D1     		bne	.L2
  87:Core/Src/stm32f1xx_hal_timebase_tim.c ****       /* Configure the SysTick IRQ priority */
 141              		.loc 1 87 9 is_stmt 1 view .LVU45
 142 0060 1920     		movs	r0, #25
 143              	.LVL13:
  87:Core/Src/stm32f1xx_hal_timebase_tim.c ****       /* Configure the SysTick IRQ priority */
 144              		.loc 1 87 9 is_stmt 0 view .LVU46
 145 0062 FFF7FEFF 		bl	HAL_NVIC_EnableIRQ
 146              	.LVL14:
  89:Core/Src/stm32f1xx_hal_timebase_tim.c ****       {
 147              		.loc 1 89 7 is_stmt 1 view .LVU47
  89:Core/Src/stm32f1xx_hal_timebase_tim.c ****       {
 148              		.loc 1 89 10 is_stmt 0 view .LVU48
 149 0066 0F2C     		cmp	r4, #15
 150 0068 01D9     		bls	.L6
  97:Core/Src/stm32f1xx_hal_timebase_tim.c ****       }
 151              		.loc 1 97 16 view .LVU49
 152 006a 0125     		movs	r5, #1
 153              	.LVL15:
  97:Core/Src/stm32f1xx_hal_timebase_tim.c ****       }
 154              		.loc 1 97 16 view .LVU50
 155 006c EFE7     		b	.L2
 156              	.LVL16:
 157              	.L6:
  92:Core/Src/stm32f1xx_hal_timebase_tim.c ****         uwTickPrio = TickPriority;
 158              		.loc 1 92 9 is_stmt 1 view .LVU51
 159 006e 0022     		movs	r2, #0
 160 0070 2146     		mov	r1, r4
 161 0072 1920     		movs	r0, #25
 162 0074 FFF7FEFF 		bl	HAL_NVIC_SetPriority
 163              	.LVL17:
  93:Core/Src/stm32f1xx_hal_timebase_tim.c ****       }
 164              		.loc 1 93 9 view .LVU52
  93:Core/Src/stm32f1xx_hal_timebase_tim.c ****       }
 165              		.loc 1 93 20 is_stmt 0 view .LVU53
 166 0078 054B     		ldr	r3, .L7+16
 167 007a 1C60     		str	r4, [r3]
 168 007c E7E7     		b	.L2
ARM GAS  /tmp/ccaffebs.s 			page 6


 169              	.L8:
 170 007e 00BF     		.align	2
 171              	.L7:
 172 0080 00100240 		.word	1073876992
 173 0084 83DE1B43 		.word	1125899907
 174 0088 00000000 		.word	htim1
 175 008c 002C0140 		.word	1073818624
 176 0090 00000000 		.word	uwTickPrio
 177              		.cfi_endproc
 178              	.LFE65:
 180              		.section	.text.HAL_SuspendTick,"ax",%progbits
 181              		.align	1
 182              		.global	HAL_SuspendTick
 183              		.syntax unified
 184              		.thumb
 185              		.thumb_func
 187              	HAL_SuspendTick:
 188              	.LFB66:
 105:Core/Src/stm32f1xx_hal_timebase_tim.c **** 
 106:Core/Src/stm32f1xx_hal_timebase_tim.c **** /**
 107:Core/Src/stm32f1xx_hal_timebase_tim.c ****   * @brief  Suspend Tick increment.
 108:Core/Src/stm32f1xx_hal_timebase_tim.c ****   * @note   Disable the tick increment by disabling TIM1 update interrupt.
 109:Core/Src/stm32f1xx_hal_timebase_tim.c ****   * @param  None
 110:Core/Src/stm32f1xx_hal_timebase_tim.c ****   * @retval None
 111:Core/Src/stm32f1xx_hal_timebase_tim.c ****   */
 112:Core/Src/stm32f1xx_hal_timebase_tim.c **** void HAL_SuspendTick(void)
 113:Core/Src/stm32f1xx_hal_timebase_tim.c **** {
 189              		.loc 1 113 1 is_stmt 1 view -0
 190              		.cfi_startproc
 191              		@ args = 0, pretend = 0, frame = 0
 192              		@ frame_needed = 0, uses_anonymous_args = 0
 193              		@ link register save eliminated.
 114:Core/Src/stm32f1xx_hal_timebase_tim.c ****   /* Disable TIM1 update Interrupt */
 115:Core/Src/stm32f1xx_hal_timebase_tim.c ****   __HAL_TIM_DISABLE_IT(&htim1, TIM_IT_UPDATE);
 194              		.loc 1 115 3 view .LVU55
 195 0000 034B     		ldr	r3, .L10
 196 0002 1A68     		ldr	r2, [r3]
 197 0004 D368     		ldr	r3, [r2, #12]
 198 0006 23F00103 		bic	r3, r3, #1
 199 000a D360     		str	r3, [r2, #12]
 116:Core/Src/stm32f1xx_hal_timebase_tim.c **** }
 200              		.loc 1 116 1 is_stmt 0 view .LVU56
 201 000c 7047     		bx	lr
 202              	.L11:
 203 000e 00BF     		.align	2
 204              	.L10:
 205 0010 00000000 		.word	htim1
 206              		.cfi_endproc
 207              	.LFE66:
 209              		.section	.text.HAL_ResumeTick,"ax",%progbits
 210              		.align	1
 211              		.global	HAL_ResumeTick
 212              		.syntax unified
 213              		.thumb
 214              		.thumb_func
 216              	HAL_ResumeTick:
 217              	.LFB67:
ARM GAS  /tmp/ccaffebs.s 			page 7


 117:Core/Src/stm32f1xx_hal_timebase_tim.c **** 
 118:Core/Src/stm32f1xx_hal_timebase_tim.c **** /**
 119:Core/Src/stm32f1xx_hal_timebase_tim.c ****   * @brief  Resume Tick increment.
 120:Core/Src/stm32f1xx_hal_timebase_tim.c ****   * @note   Enable the tick increment by Enabling TIM1 update interrupt.
 121:Core/Src/stm32f1xx_hal_timebase_tim.c ****   * @param  None
 122:Core/Src/stm32f1xx_hal_timebase_tim.c ****   * @retval None
 123:Core/Src/stm32f1xx_hal_timebase_tim.c ****   */
 124:Core/Src/stm32f1xx_hal_timebase_tim.c **** void HAL_ResumeTick(void)
 125:Core/Src/stm32f1xx_hal_timebase_tim.c **** {
 218              		.loc 1 125 1 is_stmt 1 view -0
 219              		.cfi_startproc
 220              		@ args = 0, pretend = 0, frame = 0
 221              		@ frame_needed = 0, uses_anonymous_args = 0
 222              		@ link register save eliminated.
 126:Core/Src/stm32f1xx_hal_timebase_tim.c ****   /* Enable TIM1 Update interrupt */
 127:Core/Src/stm32f1xx_hal_timebase_tim.c ****   __HAL_TIM_ENABLE_IT(&htim1, TIM_IT_UPDATE);
 223              		.loc 1 127 3 view .LVU58
 224 0000 034B     		ldr	r3, .L13
 225 0002 1A68     		ldr	r2, [r3]
 226 0004 D368     		ldr	r3, [r2, #12]
 227 0006 43F00103 		orr	r3, r3, #1
 228 000a D360     		str	r3, [r2, #12]
 128:Core/Src/stm32f1xx_hal_timebase_tim.c **** }
 229              		.loc 1 128 1 is_stmt 0 view .LVU59
 230 000c 7047     		bx	lr
 231              	.L14:
 232 000e 00BF     		.align	2
 233              	.L13:
 234 0010 00000000 		.word	htim1
 235              		.cfi_endproc
 236              	.LFE67:
 238              		.global	htim1
 239              		.section	.bss.htim1,"aw",%nobits
 240              		.align	2
 243              	htim1:
 244 0000 00000000 		.space	72
 244      00000000 
 244      00000000 
 244      00000000 
 244      00000000 
 245              		.text
 246              	.Letext0:
 247              		.file 2 "Drivers/CMSIS/Device/ST/STM32F1xx/Include/stm32f103xb.h"
 248              		.file 3 "/home/lorolol/.config/Code/User/globalStorage/bmd.stm32-for-vscode/@xpack-dev-tools/arm-n
 249              		.file 4 "/home/lorolol/.config/Code/User/globalStorage/bmd.stm32-for-vscode/@xpack-dev-tools/arm-n
 250              		.file 5 "Drivers/STM32F1xx_HAL_Driver/Inc/stm32f1xx_hal_def.h"
 251              		.file 6 "Drivers/STM32F1xx_HAL_Driver/Inc/stm32f1xx_hal_rcc.h"
 252              		.file 7 "Drivers/STM32F1xx_HAL_Driver/Inc/stm32f1xx_hal_dma.h"
 253              		.file 8 "Drivers/STM32F1xx_HAL_Driver/Inc/stm32f1xx_hal_tim.h"
 254              		.file 9 "Drivers/STM32F1xx_HAL_Driver/Inc/stm32f1xx_hal.h"
 255              		.file 10 "Drivers/STM32F1xx_HAL_Driver/Inc/stm32f1xx_hal_cortex.h"
ARM GAS  /tmp/ccaffebs.s 			page 8


DEFINED SYMBOLS
                            *ABS*:00000000 stm32f1xx_hal_timebase_tim.c
     /tmp/ccaffebs.s:19     .text.HAL_InitTick:00000000 $t
     /tmp/ccaffebs.s:25     .text.HAL_InitTick:00000000 HAL_InitTick
     /tmp/ccaffebs.s:172    .text.HAL_InitTick:00000080 $d
     /tmp/ccaffebs.s:243    .bss.htim1:00000000 htim1
     /tmp/ccaffebs.s:181    .text.HAL_SuspendTick:00000000 $t
     /tmp/ccaffebs.s:187    .text.HAL_SuspendTick:00000000 HAL_SuspendTick
     /tmp/ccaffebs.s:205    .text.HAL_SuspendTick:00000010 $d
     /tmp/ccaffebs.s:210    .text.HAL_ResumeTick:00000000 $t
     /tmp/ccaffebs.s:216    .text.HAL_ResumeTick:00000000 HAL_ResumeTick
     /tmp/ccaffebs.s:234    .text.HAL_ResumeTick:00000010 $d
     /tmp/ccaffebs.s:240    .bss.htim1:00000000 $d

UNDEFINED SYMBOLS
HAL_RCC_GetClockConfig
HAL_RCC_GetPCLK2Freq
HAL_TIM_Base_Init
HAL_TIM_Base_Start_IT
HAL_NVIC_EnableIRQ
HAL_NVIC_SetPriority
uwTickPrio
